<?xml version="1.0" encoding="UTF-8"?>
<testng-results ignored="0" total="2" passed="2" failed="0" skipped="0">
  <reporter-output>
  </reporter-output>
  <suite started-at="2021-08-15T16:03:28 IST" name="Default suite" finished-at="2021-08-15T16:03:28 IST" duration-ms="49">
    <groups>
    </groups>
    <test started-at="2021-08-15T16:03:28 IST" name="Default test" finished-at="2021-08-15T16:03:28 IST" duration-ms="49">
      <class name="com.testngpractice.dataProvider">
        <test-method signature="loginTest(java.lang.String, java.lang.String)[pri:0, instance:com.testngpractice.dataProvider@5939a379]" started-at="2021-08-15T16:03:28 IST" name="loginTest" data-provider="getData" finished-at="2021-08-15T16:03:28 IST" duration-ms="6" status="PASS">
          <params>
            <param index="0">
              <value>
                <![CDATA[FirstUid]]>
              </value>
            </param>
            <param index="1">
              <value>
                <![CDATA[FirstPWD]]>
              </value>
            </param>
          </params>
          <reporter-output>
          </reporter-output>
        </test-method> <!-- loginTest -->
        <test-method signature="loginTest(java.lang.String, java.lang.String)[pri:0, instance:com.testngpractice.dataProvider@5939a379]" started-at="2021-08-15T16:03:28 IST" name="loginTest" data-provider="getData" finished-at="2021-08-15T16:03:28 IST" duration-ms="1" status="PASS">
          <params>
            <param index="0">
              <value>
                <![CDATA[SecondUid]]>
              </value>
            </param>
            <param index="1">
              <value>
                <![CDATA[SecondPWD]]>
              </value>
            </param>
          </params>
          <reporter-output>
          </reporter-output>
        </test-method> <!-- loginTest -->
      </class> <!-- com.testngpractice.dataProvider -->
    </test> <!-- Default test -->
  </suite> <!-- Default suite -->
</testng-results>
